-------------------------------------------------------------------------------
Test set: com.example.appointmentapi.AppointmentApiApplicationTests
-------------------------------------------------------------------------------
Tests run: 1, Failures: 0, Errors: 1, Skipped: 0, Time elapsed: 4.942 s <<< FAILURE! - in com.example.appointmentapi.AppointmentApiApplicationTests
contextLoads  Time elapsed: 0.013 s  <<< ERROR!
java.lang.IllegalStateException: Failed to load ApplicationContext
Caused by: org.springframework.beans.factory.UnsatisfiedDependencyException: Error creating bean with name 'appointmentControl': Unsatisfied dependency expressed through field 'appointmentService'; nested exception is org.springframework.beans.factory.UnsatisfiedDependencyException: Error creating bean with name 'appointmentService': Unsatisfied dependency expressed through field 'appointmentRepository'; nested exception is org.springframework.beans.factory.BeanCreationException: Error creating bean with name 'appointmentRepository' defined in com.example.appointmentapi.AppointmentRepository defined in @EnableJpaRepositories declared on JpaRepositoriesRegistrar.EnableJpaRepositoriesConfiguration: Invocation of init method failed; nested exception is org.springframework.data.repository.query.QueryCreationException: Could not create query for public abstract java.util.List com.example.appointmentapi.AppointmentRepository.getAppointmentsByStatus(java.lang.String,java.util.Date); Reason: Validation failed for query for method public abstract java.util.List com.example.appointmentapi.AppointmentRepository.getAppointmentsByStatus(java.lang.String,java.util.Date)!; nested exception is java.lang.IllegalArgumentException: Validation failed for query for method public abstract java.util.List com.example.appointmentapi.AppointmentRepository.getAppointmentsByStatus(java.lang.String,java.util.Date)!
Caused by: org.springframework.beans.factory.UnsatisfiedDependencyException: Error creating bean with name 'appointmentService': Unsatisfied dependency expressed through field 'appointmentRepository'; nested exception is org.springframework.beans.factory.BeanCreationException: Error creating bean with name 'appointmentRepository' defined in com.example.appointmentapi.AppointmentRepository defined in @EnableJpaRepositories declared on JpaRepositoriesRegistrar.EnableJpaRepositoriesConfiguration: Invocation of init method failed; nested exception is org.springframework.data.repository.query.QueryCreationException: Could not create query for public abstract java.util.List com.example.appointmentapi.AppointmentRepository.getAppointmentsByStatus(java.lang.String,java.util.Date); Reason: Validation failed for query for method public abstract java.util.List com.example.appointmentapi.AppointmentRepository.getAppointmentsByStatus(java.lang.String,java.util.Date)!; nested exception is java.lang.IllegalArgumentException: Validation failed for query for method public abstract java.util.List com.example.appointmentapi.AppointmentRepository.getAppointmentsByStatus(java.lang.String,java.util.Date)!
Caused by: org.springframework.beans.factory.BeanCreationException: Error creating bean with name 'appointmentRepository' defined in com.example.appointmentapi.AppointmentRepository defined in @EnableJpaRepositories declared on JpaRepositoriesRegistrar.EnableJpaRepositoriesConfiguration: Invocation of init method failed; nested exception is org.springframework.data.repository.query.QueryCreationException: Could not create query for public abstract java.util.List com.example.appointmentapi.AppointmentRepository.getAppointmentsByStatus(java.lang.String,java.util.Date); Reason: Validation failed for query for method public abstract java.util.List com.example.appointmentapi.AppointmentRepository.getAppointmentsByStatus(java.lang.String,java.util.Date)!; nested exception is java.lang.IllegalArgumentException: Validation failed for query for method public abstract java.util.List com.example.appointmentapi.AppointmentRepository.getAppointmentsByStatus(java.lang.String,java.util.Date)!
Caused by: org.springframework.data.repository.query.QueryCreationException: Could not create query for public abstract java.util.List com.example.appointmentapi.AppointmentRepository.getAppointmentsByStatus(java.lang.String,java.util.Date); Reason: Validation failed for query for method public abstract java.util.List com.example.appointmentapi.AppointmentRepository.getAppointmentsByStatus(java.lang.String,java.util.Date)!; nested exception is java.lang.IllegalArgumentException: Validation failed for query for method public abstract java.util.List com.example.appointmentapi.AppointmentRepository.getAppointmentsByStatus(java.lang.String,java.util.Date)!
Caused by: java.lang.IllegalArgumentException: Validation failed for query for method public abstract java.util.List com.example.appointmentapi.AppointmentRepository.getAppointmentsByStatus(java.lang.String,java.util.Date)!
Caused by: java.lang.IllegalArgumentException: org.hibernate.hql.internal.ast.QuerySyntaxException: unexpected token: ? near line 1, column 73 [Select pt from com.example.appointmentapi.Appointment pt where pt.status?1 and pt.appointmentDate=?2]
Caused by: org.hibernate.hql.internal.ast.QuerySyntaxException: unexpected token: ? near line 1, column 73 [Select pt from com.example.appointmentapi.Appointment pt where pt.status?1 and pt.appointmentDate=?2]

